{"/Users/thordur/Documents/HR/hugb_short/TicTacToe/src/logic/board.js": {"path":"/Users/thordur/Documents/HR/hugb_short/TicTacToe/src/logic/board.js","statementMap":{"0":{"start":{"line":6,"column":2},"end":{"line":6,"column":43}},"1":{"start":{"line":8,"column":2},"end":{"line":20,"column":6}},"2":{"start":{"line":24,"column":2},"end":{"line":24,"column":29}},"3":{"start":{"line":28,"column":2},"end":{"line":30,"column":3}},"4":{"start":{"line":29,"column":3},"end":{"line":29,"column":31}},"5":{"start":{"line":34,"column":2},"end":{"line":39,"column":3}},"6":{"start":{"line":35,"column":3},"end":{"line":35,"column":15}},"7":{"start":{"line":38,"column":3},"end":{"line":38,"column":16}},"8":{"start":{"line":44,"column":2},"end":{"line":50,"column":3}},"9":{"start":{"line":45,"column":14},"end":{"line":45,"column":34}},"10":{"start":{"line":46,"column":3},"end":{"line":48,"column":4}},"11":{"start":{"line":47,"column":4},"end":{"line":47,"column":16}},"12":{"start":{"line":51,"column":2},"end":{"line":51,"column":15}},"13":{"start":{"line":55,"column":2},"end":{"line":59,"column":3}},"14":{"start":{"line":56,"column":3},"end":{"line":58,"column":4}},"15":{"start":{"line":57,"column":4},"end":{"line":57,"column":17}},"16":{"start":{"line":60,"column":2},"end":{"line":60,"column":14}},"17":{"start":{"line":64,"column":0},"end":{"line":64,"column":23}}},"fnMap":{"0":{"name":"(anonymous_0)","decl":{"start":{"line":5,"column":1},"end":{"line":5,"column":2}},"loc":{"start":{"line":5,"column":14},"end":{"line":21,"column":2}},"line":5},"1":{"name":"(anonymous_1)","decl":{"start":{"line":23,"column":1},"end":{"line":23,"column":2}},"loc":{"start":{"line":23,"column":19},"end":{"line":25,"column":2}},"line":23},"2":{"name":"(anonymous_2)","decl":{"start":{"line":27,"column":1},"end":{"line":27,"column":2}},"loc":{"start":{"line":27,"column":26},"end":{"line":31,"column":2}},"line":27},"3":{"name":"(anonymous_3)","decl":{"start":{"line":33,"column":1},"end":{"line":33,"column":2}},"loc":{"start":{"line":33,"column":21},"end":{"line":40,"column":2}},"line":33},"4":{"name":"(anonymous_4)","decl":{"start":{"line":42,"column":1},"end":{"line":42,"column":2}},"loc":{"start":{"line":42,"column":17},"end":{"line":52,"column":2}},"line":42},"5":{"name":"(anonymous_5)","decl":{"start":{"line":54,"column":1},"end":{"line":54,"column":2}},"loc":{"start":{"line":54,"column":9},"end":{"line":61,"column":2}},"line":54}},"branchMap":{"0":{"loc":{"start":{"line":28,"column":2},"end":{"line":30,"column":3}},"type":"if","locations":[{"start":{"line":28,"column":2},"end":{"line":30,"column":3}},{"start":{"line":28,"column":2},"end":{"line":30,"column":3}}],"line":28},"1":{"loc":{"start":{"line":34,"column":2},"end":{"line":39,"column":3}},"type":"if","locations":[{"start":{"line":34,"column":2},"end":{"line":39,"column":3}},{"start":{"line":34,"column":2},"end":{"line":39,"column":3}}],"line":34},"2":{"loc":{"start":{"line":46,"column":3},"end":{"line":48,"column":4}},"type":"if","locations":[{"start":{"line":46,"column":3},"end":{"line":48,"column":4}},{"start":{"line":46,"column":3},"end":{"line":48,"column":4}}],"line":46},"3":{"loc":{"start":{"line":46,"column":7},"end":{"line":46,"column":93}},"type":"binary-expr","locations":[{"start":{"line":46,"column":7},"end":{"line":46,"column":48}},{"start":{"line":46,"column":52},"end":{"line":46,"column":93}}],"line":46},"4":{"loc":{"start":{"line":56,"column":3},"end":{"line":58,"column":4}},"type":"if","locations":[{"start":{"line":56,"column":3},"end":{"line":58,"column":4}},{"start":{"line":56,"column":3},"end":{"line":58,"column":4}}],"line":56}},"s":{"0":13,"1":13,"2":17,"3":31,"4":30,"5":33,"6":31,"7":2,"8":4,"9":19,"10":19,"11":3,"12":1,"13":2,"14":13,"15":1,"16":1,"17":1},"f":{"0":13,"1":17,"2":31,"3":33,"4":4,"5":2},"b":{"0":[30,1],"1":[31,2],"2":[3,16],"3":[19,5],"4":[1,12]},"_coverageSchema":"332fd63041d2c1bcb487cc26dd0d5f7d97098a6c","hash":"50b5ce000b804bb7b547398ee3bb9a21933158a9"}
,"/Users/thordur/Documents/HR/hugb_short/TicTacToe/src/logic/game.js": {"path":"/Users/thordur/Documents/HR/hugb_short/TicTacToe/src/logic/game.js","statementMap":{"0":{"start":{"line":4,"column":15},"end":{"line":4,"column":37}},"1":{"start":{"line":9,"column":2},"end":{"line":9,"column":25}},"2":{"start":{"line":10,"column":2},"end":{"line":10,"column":25}},"3":{"start":{"line":11,"column":2},"end":{"line":11,"column":37}},"4":{"start":{"line":15,"column":4},"end":{"line":15,"column":32}},"5":{"start":{"line":19,"column":0},"end":{"line":19,"column":22}}},"fnMap":{"0":{"name":"(anonymous_0)","decl":{"start":{"line":8,"column":1},"end":{"line":8,"column":2}},"loc":{"start":{"line":8,"column":46},"end":{"line":12,"column":4}},"line":8},"1":{"name":"(anonymous_1)","decl":{"start":{"line":14,"column":3},"end":{"line":14,"column":4}},"loc":{"start":{"line":14,"column":21},"end":{"line":16,"column":4}},"line":14}},"branchMap":{},"s":{"0":2,"1":1,"2":1,"3":1,"4":0,"5":2},"f":{"0":1,"1":0},"b":{},"_coverageSchema":"332fd63041d2c1bcb487cc26dd0d5f7d97098a6c","hash":"aaf5d2509df0822c4a401f9e6c83c92a9ad52ec6"}
,"/Users/thordur/Documents/HR/hugb_short/TicTacToe/src/logic/player.js": {"path":"/Users/thordur/Documents/HR/hugb_short/TicTacToe/src/logic/player.js","statementMap":{"0":{"start":{"line":8,"column":2},"end":{"line":8,"column":23}},"1":{"start":{"line":9,"column":2},"end":{"line":9,"column":23}},"2":{"start":{"line":13,"column":0},"end":{"line":13,"column":24}}},"fnMap":{"0":{"name":"(anonymous_0)","decl":{"start":{"line":6,"column":1},"end":{"line":6,"column":2}},"loc":{"start":{"line":7,"column":1},"end":{"line":10,"column":2}},"line":7}},"branchMap":{},"s":{"0":1,"1":1,"2":3},"f":{"0":1},"b":{},"_coverageSchema":"332fd63041d2c1bcb487cc26dd0d5f7d97098a6c","hash":"91ff7a229e5165d0d6ffea84162cff5fddef221a"}
,"/Users/thordur/Documents/HR/hugb_short/TicTacToe/src/server/api.js": {"path":"/Users/thordur/Documents/HR/hugb_short/TicTacToe/src/server/api.js","statementMap":{"0":{"start":{"line":2,"column":16},"end":{"line":2,"column":34}},"1":{"start":{"line":3,"column":12},"end":{"line":3,"column":21}},"2":{"start":{"line":4,"column":13},"end":{"line":4,"column":37}},"3":{"start":{"line":6,"column":0},"end":{"line":9,"column":3}},"4":{"start":{"line":7,"column":2},"end":{"line":7,"column":18}},"5":{"start":{"line":8,"column":2},"end":{"line":8,"column":13}},"6":{"start":{"line":11,"column":0},"end":{"line":14,"column":3}},"7":{"start":{"line":12,"column":2},"end":{"line":12,"column":18}},"8":{"start":{"line":13,"column":2},"end":{"line":13,"column":71}},"9":{"start":{"line":16,"column":0},"end":{"line":16,"column":21}}},"fnMap":{"0":{"name":"(anonymous_0)","decl":{"start":{"line":6,"column":18},"end":{"line":6,"column":19}},"loc":{"start":{"line":6,"column":32},"end":{"line":9,"column":1}},"line":6},"1":{"name":"(anonymous_1)","decl":{"start":{"line":11,"column":18},"end":{"line":11,"column":19}},"loc":{"start":{"line":11,"column":32},"end":{"line":14,"column":1}},"line":11}},"branchMap":{},"s":{"0":1,"1":1,"2":1,"3":1,"4":2,"5":2,"6":1,"7":0,"8":0,"9":1},"f":{"0":2,"1":0},"b":{},"_coverageSchema":"332fd63041d2c1bcb487cc26dd0d5f7d97098a6c","hash":"0524039c2c195284202c9aa840bc59229b6ccb82"}
}
