TN:
SF:/Users/thordur/Documents/HR/hugb_short/TicTacToe/src/logic/board.js
FN:5,(anonymous_0)
FN:23,(anonymous_1)
FN:27,(anonymous_2)
FN:33,(anonymous_3)
FN:42,(anonymous_4)
FN:54,(anonymous_5)
FNF:6
FNH:6
FNDA:13,(anonymous_0)
FNDA:17,(anonymous_1)
FNDA:31,(anonymous_2)
FNDA:33,(anonymous_3)
FNDA:4,(anonymous_4)
FNDA:2,(anonymous_5)
DA:6,13
DA:8,13
DA:24,17
DA:28,31
DA:29,30
DA:34,33
DA:35,31
DA:38,2
DA:44,4
DA:45,19
DA:46,19
DA:47,3
DA:51,1
DA:55,2
DA:56,13
DA:57,1
DA:60,1
DA:64,1
LF:18
LH:18
BRDA:28,0,0,30
BRDA:28,0,1,1
BRDA:34,1,0,31
BRDA:34,1,1,2
BRDA:46,2,0,3
BRDA:46,2,1,16
BRDA:46,3,0,19
BRDA:46,3,1,5
BRDA:56,4,0,1
BRDA:56,4,1,12
BRF:10
BRH:10
end_of_record
TN:
SF:/Users/thordur/Documents/HR/hugb_short/TicTacToe/src/logic/game.js
FN:8,(anonymous_0)
FN:14,(anonymous_1)
FNF:2
FNH:1
FNDA:1,(anonymous_0)
FNDA:0,(anonymous_1)
DA:4,2
DA:9,1
DA:10,1
DA:11,1
DA:15,0
DA:19,2
LF:6
LH:5
BRF:0
BRH:0
end_of_record
TN:
SF:/Users/thordur/Documents/HR/hugb_short/TicTacToe/src/logic/player.js
FN:6,(anonymous_0)
FNF:1
FNH:1
FNDA:1,(anonymous_0)
DA:8,1
DA:9,1
DA:13,3
LF:3
LH:3
BRF:0
BRH:0
end_of_record
TN:
SF:/Users/thordur/Documents/HR/hugb_short/TicTacToe/src/server/api.js
FN:6,(anonymous_0)
FN:11,(anonymous_1)
FNF:2
FNH:1
FNDA:2,(anonymous_0)
FNDA:0,(anonymous_1)
DA:2,1
DA:3,1
DA:4,1
DA:6,1
DA:7,2
DA:8,2
DA:11,1
DA:12,0
DA:13,0
DA:16,1
LF:10
LH:8
BRF:0
BRH:0
end_of_record
